c:\users\chris\dropbox\school\2161 - game graphics programming\dx11starter\debug\vc140.pdb
c:\users\chris\dropbox\school\2161 - game graphics programming\dx11starter\debug\vc140.idb
c:\users\chris\dropbox\school\2161 - game graphics programming\dx11starter\debug\dxcore.obj
c:\users\chris\dropbox\school\2161 - game graphics programming\dx11starter\debug\game.obj
c:\users\chris\dropbox\school\2161 - game graphics programming\dx11starter\debug\main.obj
c:\users\chris\dropbox\school\2161 - game graphics programming\dx11starter\debug\simpleshader.obj
c:\users\chris\dropbox\school\2161 - game graphics programming\lectures\week 4\day 1 - lighting demo\lighting demo finished\debug\vc140.pdb
c:\users\chris\dropbox\school\2161 - game graphics programming\lectures\week 4\day 1 - lighting demo\lighting demo finished\debug\vc140.idb
c:\users\chris\dropbox\school\2161 - game graphics programming\lectures\week 4\day 1 - lighting demo\lighting demo finished\debug\dxcore.obj
c:\users\chris\dropbox\school\2161 - game graphics programming\lectures\week 4\day 1 - lighting demo\lighting demo finished\debug\game.obj
c:\users\chris\dropbox\school\2161 - game graphics programming\lectures\week 4\day 1 - lighting demo\lighting demo finished\debug\gameentity.obj
c:\users\chris\dropbox\school\2161 - game graphics programming\lectures\week 4\day 1 - lighting demo\lighting demo finished\debug\main.obj
c:\users\chris\dropbox\school\2161 - game graphics programming\lectures\week 4\day 1 - lighting demo\lighting demo finished\debug\mesh.obj
c:\users\chris\dropbox\school\2161 - game graphics programming\lectures\week 4\day 1 - lighting demo\lighting demo finished\debug\simpleshader.obj
c:\users\chris\desktop\normal map starter\debug\vc140.pdb
c:\users\chris\desktop\normal map starter\debug\vc140.idb
c:\users\chris\desktop\normal map starter\debug\camera.obj
c:\users\chris\desktop\normal map starter\debug\dxcore.obj
c:\users\chris\desktop\normal map starter\debug\game.obj
c:\users\chris\desktop\normal map starter\debug\gameentity.obj
c:\users\chris\desktop\normal map starter\debug\main.obj
c:\users\chris\desktop\normal map starter\debug\mesh.obj
c:\users\chris\desktop\normal map starter\debug\simpleshader.obj
c:\users\chris\dropbox\school\2165 - game graphics programming\lectures\week 9\day 1 - cube maps\cube map starter\debug\vc140.pdb
c:\users\chris\dropbox\school\2165 - game graphics programming\lectures\week 9\day 1 - cube maps\cube map starter\debug\vc140.idb
c:\users\chris\dropbox\school\2165 - game graphics programming\lectures\week 9\day 1 - cube maps\cube map starter\debug\camera.obj
c:\users\chris\dropbox\school\2165 - game graphics programming\lectures\week 9\day 1 - cube maps\cube map starter\debug\dxcore.obj
c:\users\chris\dropbox\school\2165 - game graphics programming\lectures\week 9\day 1 - cube maps\cube map starter\debug\game.obj
c:\users\chris\dropbox\school\2165 - game graphics programming\lectures\week 9\day 1 - cube maps\cube map starter\debug\gameentity.obj
c:\users\chris\dropbox\school\2165 - game graphics programming\lectures\week 9\day 1 - cube maps\cube map starter\debug\main.obj
c:\users\chris\dropbox\school\2165 - game graphics programming\lectures\week 9\day 1 - cube maps\cube map starter\debug\mesh.obj
c:\users\chris\dropbox\school\2165 - game graphics programming\lectures\week 9\day 1 - cube maps\cube map starter\debug\simpleshader.obj
c:\users\chris\dropbox\school\2161 - game graphics programming\dx11starter\debug\pixelshader.cso
c:\users\chris\dropbox\school\2161 - game graphics programming\dx11starter\debug\vertexshader.cso
c:\users\chris\dropbox\school\2161 - game graphics programming\lectures\week 4\day 1 - lighting demo\lighting demo finished\debug\pixelshader.cso
c:\users\chris\dropbox\school\2161 - game graphics programming\lectures\week 4\day 1 - lighting demo\lighting demo finished\debug\vertexshader.cso
c:\users\chris\desktop\normal map starter\debug\pixelshader.cso
c:\users\chris\desktop\normal map starter\debug\vertexshader.cso
c:\users\chris\dropbox\school\2165 - game graphics programming\lectures\week 9\day 1 - cube maps\cube map starter\debug\pixelshader.cso
c:\users\chris\dropbox\school\2165 - game graphics programming\lectures\week 9\day 1 - cube maps\cube map starter\debug\vertexshader.cso
c:\users\chris\dropbox\school\2161 - game graphics programming\dx11starter\debug\dx11starter.ilk
c:\users\chris\dropbox\school\2161 - game graphics programming\dx11starter\debug\dx11starter.exe
c:\users\chris\dropbox\school\2161 - game graphics programming\dx11starter\debug\dx11starter.pdb
c:\users\chris\dropbox\school\2161 - game graphics programming\lectures\week 4\day 1 - lighting demo\lighting demo finished\debug\dx11starter.ilk
c:\users\chris\dropbox\school\2161 - game graphics programming\lectures\week 4\day 1 - lighting demo\lighting demo finished\debug\dx11starter.exe
c:\users\chris\dropbox\school\2161 - game graphics programming\lectures\week 4\day 1 - lighting demo\lighting demo finished\debug\dx11starter.pdb
c:\users\chris\desktop\normal map starter\debug\dx11starter.ilk
c:\users\chris\desktop\normal map starter\debug\dx11starter.exe
c:\users\chris\desktop\normal map starter\debug\dx11starter.pdb
c:\users\chris\dropbox\school\2165 - game graphics programming\lectures\week 9\day 1 - cube maps\cube map starter\debug\dx11starter.ilk
c:\users\chris\dropbox\school\2165 - game graphics programming\lectures\week 9\day 1 - cube maps\cube map starter\debug\dx11starter.exe
c:\users\chris\dropbox\school\2165 - game graphics programming\lectures\week 9\day 1 - cube maps\cube map starter\debug\dx11starter.pdb
c:\users\chris\dropbox\school\2165 - game graphics programming\lectures\week 9\day 1 - cube maps\cube map starter\debug\dx11starter.tlog\cl.command.1.tlog
c:\users\chris\dropbox\school\2165 - game graphics programming\lectures\week 9\day 1 - cube maps\cube map starter\debug\dx11starter.tlog\cl.read.1.tlog
c:\users\chris\dropbox\school\2165 - game graphics programming\lectures\week 9\day 1 - cube maps\cube map starter\debug\dx11starter.tlog\cl.write.1.tlog
c:\users\chris\dropbox\school\2165 - game graphics programming\lectures\week 9\day 1 - cube maps\cube map starter\debug\dx11starter.tlog\dx11starter.write.1u.tlog
c:\users\chris\dropbox\school\2165 - game graphics programming\lectures\week 9\day 1 - cube maps\cube map starter\debug\dx11starter.tlog\fxc.command.1.tlog
c:\users\chris\dropbox\school\2165 - game graphics programming\lectures\week 9\day 1 - cube maps\cube map starter\debug\dx11starter.tlog\fxc.read.1.tlog
c:\users\chris\dropbox\school\2165 - game graphics programming\lectures\week 9\day 1 - cube maps\cube map starter\debug\dx11starter.tlog\fxc.write.1.tlog
c:\users\chris\dropbox\school\2165 - game graphics programming\lectures\week 9\day 1 - cube maps\cube map starter\debug\dx11starter.tlog\link.command.1.tlog
c:\users\chris\dropbox\school\2165 - game graphics programming\lectures\week 9\day 1 - cube maps\cube map starter\debug\dx11starter.tlog\link.read.1.tlog
c:\users\chris\dropbox\school\2165 - game graphics programming\lectures\week 9\day 1 - cube maps\cube map starter\debug\dx11starter.tlog\link.write.1.tlog
